\BOOKMARK [1][-]{Contents.1}{\376\377\166\356\137\125}{}% 1
\BOOKMARK [1][-]{section.1}{\376\377\116\313\176\315}{}% 2
\BOOKMARK [1][-]{section.2}{\376\377\000.\000i\000n\000s\000\040\145\207\116\366}{}% 3
\BOOKMARK [1][-]{section.3}{\376\377\000.\000d\000t\000x\000\040\145\207\116\366}{}% 4
\BOOKMARK [2][-]{subsection.3.1}{\376\377\136\217\212\000}{section.3}% 5
\BOOKMARK [2][-]{subsection.3.2}{\376\377\165\050\142\067\145\207\150\143}{section.3}% 6
\BOOKMARK [2][-]{subsection.3.3}{\376\377\116\343\170\001\124\214\213\304\213\272}{section.3}% 7
\BOOKMARK [1][-]{section.4}{\376\377\142\200\135\347\060\001\172\215\225\350\124\214\136\372\213\256}{}% 8
\BOOKMARK [1][-]{section.5}{\376\377\232\330\176\247\142\123\123\005\142\200\147\057}{}% 9
\BOOKMARK [2][-]{subsection.5.1}{\376\377\116\073\145\207\150\143\145\207\116\366}{section.5}% 10
\BOOKMARK [2][-]{subsection.5.2}{\376\377\123\125\145\207\116\366\123\005\123\321\136\003}{section.5}% 11
\BOOKMARK [2][-]{subsection.5.3}{\376\377\121\167\147\011\121\161\116\253\162\110\147\054\117\341\140\157\166\204\174\173\124\214\150\067\137\017\145\207\116\366}{section.5}% 12
\BOOKMARK [2][-]{subsection.5.4}{\376\377\232\330\176\247\142\123\123\005\142\200\147\057\171\072\117\213\226\306}{section.5}% 13
\BOOKMARK [1][-]{appendix.A}{\376\377\150\106\147\266\145\207\116\366}{}% 14
\BOOKMARK [2][-]{subsection.A.1}{\376\377\165\050\116\216\165\037\142\020\000\040\000.\000s\000t\000y\145\207\116\366\166\204\150\106\147\266\000\040\000.\000i\000n\000s\145\207\116\366}{appendix.A}% 15
\BOOKMARK [2][-]{subsection.A.2}{\376\377\165\050\116\216\165\037\142\020\000\040\000.\000c\000l\000s\145\207\116\366\166\204\000\040\000.\000i\000n\000s\150\106\147\266\145\207\116\366}{appendix.A}% 16
\BOOKMARK [2][-]{subsection.A.3}{\376\377\165\050\116\216\165\037\142\020\000\040\000.\000s\000t\000y\145\207\116\366\166\204\000\040\000.\000d\000t\000x\150\106\147\266\145\207\116\366}{appendix.A}% 17
\BOOKMARK [2][-]{subsection.A.4}{\376\377\165\050\116\216\165\037\142\020\000\040\000.\000c\000l\000s\145\207\116\366\166\204\000\040\000.\000d\000t\000x\150\106\147\266\145\207\116\366}{appendix.A}% 18
\BOOKMARK [2][-]{subsection.A.5}{\376\377\116\073\145\207\150\143\150\106\147\266\145\207\116\366\377\010\000\040\000.\000t\000e\000x\377\011}{appendix.A}% 19
\BOOKMARK [1][-]{section*.6}{\376\377\123\302\200\003\145\207\163\056}{}% 20
