This is XeTeX, Version 3.141592653-2.6-0.999996 (TeX Live 2024) (preloaded format=xelatex 2024.9.9)  12 FEB 2025 23:55
entering extended mode
 restricted \write18 enabled.
 file:line:error style messages enabled.
 %&-line parsing enabled.
**main
(./main.tex
LaTeX2e <2023-11-01> patch level 1
L3 programming layer <2024-02-20>
(e:/texlive/2024/texmf-dist/tex/latex/base/ltxguide.cls
Document Class: ltxguide 2001/05/28 Standard LaTeX class
Class ltxguide Info: Local configuration file not found on input line 50.
(e:/texlive/2024/texmf-dist/tex/latex/base/article.cls
Document Class: article 2023/05/17 v1.4n Standard LaTeX document class
(e:/texlive/2024/texmf-dist/tex/latex/base/size11.clo
File: size11.clo 2023/05/17 v1.4n Standard LaTeX file (size option)
)
\c@part=\count184
\c@section=\count185
\c@subsection=\count186
\c@subsubsection=\count187
\c@paragraph=\count188
\c@subparagraph=\count189
\c@figure=\count190
\c@table=\count191
\abovecaptionskip=\skip48
\belowcaptionskip=\skip49
\bibindent=\dimen140
) (e:/texlive/2024/texmf-dist/tex/latex/base/shortvrb.sty
Package: shortvrb 2022/11/13 v3.0m Standard LaTeX documentation package V3 (FMi)
)
Package shortvrb Info: Made | a short reference for \verb on input line 142.
) (e:/texlive/2024/texmf-dist/tex/latex/tools/varioref.sty
Package: varioref 2022/01/09 v1.6f package for extended references (FMi)
\c@vrcnt=\count192
) (e:/texlive/2024/texmf-dist/tex/latex/base/makeidx.sty
Package: makeidx 2021/10/04 v1.0m Standard LaTeX package
) (e:/texlive/2024/texmf-dist/tex/latex/base/alltt.sty
Package: alltt 2021/01/29 v2.0g defines alltt environment
) (e:/texlive/2024/texmf-dist/tex/latex/tocbibind/tocbibind.sty
Package: tocbibind 2010/10/13 v1.5k extra ToC listings
Package tocbibind Info: The document has section divisions on input line 50.


Package tocbibind Note: Using section or other style headings.

) (e:/texlive/2024/texmf-dist/tex/latex/hyperref/hyperref.sty
Package: hyperref 2024-01-20 v7.01h Hypertext links for LaTeX
 (e:/texlive/2024/texmf-dist/tex/generic/iftex/iftex.sty
Package: iftex 2022/02/03 v1.0f TeX engine tests
) (e:/texlive/2024/texmf-dist/tex/latex/graphics/keyval.sty
Package: keyval 2022/05/29 v1.15 key=value parser (DPC)
\KV@toks@=\toks17
) (e:/texlive/2024/texmf-dist/tex/latex/kvsetkeys/kvsetkeys.sty
Package: kvsetkeys 2022-10-05 v1.19 Key value parser (HO)
) (e:/texlive/2024/texmf-dist/tex/generic/kvdefinekeys/kvdefinekeys.sty
Package: kvdefinekeys 2019-12-19 v1.6 Define keys (HO)
) (e:/texlive/2024/texmf-dist/tex/generic/pdfescape/pdfescape.sty
Package: pdfescape 2019/12/09 v1.15 Implements pdfTeX's escape features (HO)
 (e:/texlive/2024/texmf-dist/tex/generic/ltxcmds/ltxcmds.sty
Package: ltxcmds 2023-12-04 v1.26 LaTeX kernel commands for general use (HO)
) (e:/texlive/2024/texmf-dist/tex/generic/pdftexcmds/pdftexcmds.sty
Package: pdftexcmds 2020-06-27 v0.33 Utility functions of pdfTeX for LuaTeX (HO)
 (e:/texlive/2024/texmf-dist/tex/generic/infwarerr/infwarerr.sty
Package: infwarerr 2019/12/03 v1.5 Providing info/warning/error messages (HO)
)
Package pdftexcmds Info: \pdf@primitive is available.
Package pdftexcmds Info: \pdf@ifprimitive is available.
Package pdftexcmds Info: \pdfdraftmode not found.
)) (e:/texlive/2024/texmf-dist/tex/latex/hycolor/hycolor.sty
Package: hycolor 2020-01-27 v1.10 Color options for hyperref/bookmark (HO)
) (e:/texlive/2024/texmf-dist/tex/latex/auxhook/auxhook.sty
Package: auxhook 2019-12-17 v1.6 Hooks for auxiliary files (HO)
) (e:/texlive/2024/texmf-dist/tex/latex/hyperref/nameref.sty
Package: nameref 2023-11-26 v2.56 Cross-referencing by name of section
 (e:/texlive/2024/texmf-dist/tex/latex/refcount/refcount.sty
Package: refcount 2019/12/15 v3.6 Data extraction from label references (HO)
) (e:/texlive/2024/texmf-dist/tex/generic/gettitlestring/gettitlestring.sty
Package: gettitlestring 2019/12/15 v1.6 Cleanup title references (HO)
 (e:/texlive/2024/texmf-dist/tex/latex/kvoptions/kvoptions.sty
Package: kvoptions 2022-06-15 v3.15 Key value format for package options (HO)
))
\c@section@level=\count193
) (e:/texlive/2024/texmf-dist/tex/latex/etoolbox/etoolbox.sty
Package: etoolbox 2020/10/05 v2.5k e-TeX tools for LaTeX (JAW)
\etb@tempcnta=\count194
)
\@linkdim=\dimen141
\Hy@linkcounter=\count195
\Hy@pagecounter=\count196
 (e:/texlive/2024/texmf-dist/tex/latex/hyperref/pd1enc.def
File: pd1enc.def 2024-01-20 v7.01h Hyperref: PDFDocEncoding definition (HO)
) (e:/texlive/2024/texmf-dist/tex/generic/intcalc/intcalc.sty
Package: intcalc 2019/12/15 v1.3 Expandable calculations with integers (HO)
)
\Hy@SavedSpaceFactor=\count197
 (e:/texlive/2024/texmf-dist/tex/latex/hyperref/puenc.def
File: puenc.def 2024-01-20 v7.01h Hyperref: PDF Unicode definition (HO)
)
Package hyperref Info: Option `bookmarksopen' set `true' on input line 4062.
Package hyperref Info: Hyper figures OFF on input line 4179.
Package hyperref Info: Link nesting OFF on input line 4184.
Package hyperref Info: Hyper index ON on input line 4187.
Package hyperref Info: Plain pages OFF on input line 4194.
Package hyperref Info: Backreferencing OFF on input line 4199.
Package hyperref Info: Implicit mode ON; LaTeX internals redefined.
Package hyperref Info: Bookmarks ON on input line 4446.
\c@Hy@tempcnt=\count198
 (e:/texlive/2024/texmf-dist/tex/latex/url/url.sty
\Urlmuskip=\muskip16
Package: url 2013/09/16  ver 3.4  Verb mode for urls, etc.
)
LaTeX Info: Redefining \url on input line 4784.
\XeTeXLinkMargin=\dimen142
 (e:/texlive/2024/texmf-dist/tex/generic/bitset/bitset.sty
Package: bitset 2019/12/09 v1.3 Handle bit-vector datatype (HO)
 (e:/texlive/2024/texmf-dist/tex/generic/bigintcalc/bigintcalc.sty
Package: bigintcalc 2019/12/15 v1.5 Expandable calculations on big integers (HO)
))
\Fld@menulength=\count199
\Field@Width=\dimen143
\Fld@charsize=\dimen144
Package hyperref Info: Hyper figures OFF on input line 6063.
Package hyperref Info: Link nesting OFF on input line 6068.
Package hyperref Info: Hyper index ON on input line 6071.
Package hyperref Info: backreferencing OFF on input line 6078.
Package hyperref Info: Link coloring OFF on input line 6083.
Package hyperref Info: Link coloring with OCG OFF on input line 6088.
Package hyperref Info: PDF/A mode OFF on input line 6093.
 (e:/texlive/2024/texmf-dist/tex/latex/base/atbegshi-ltx.sty
Package: atbegshi-ltx 2021/01/10 v1.0c Emulation of the original atbegshi
package with kernel methods
)
\Hy@abspage=\count266
\c@Item=\count267
\c@Hfootnote=\count268
)
Package hyperref Info: Driver (autodetected): hxetex.
 (e:/texlive/2024/texmf-dist/tex/latex/hyperref/hxetex.def
File: hxetex.def 2024-01-20 v7.01h Hyperref driver for XeTeX
 (e:/texlive/2024/texmf-dist/tex/generic/stringenc/stringenc.sty
Package: stringenc 2019/11/29 v1.12 Convert strings between diff. encodings (HO)
)
\pdfm@box=\box51
\c@Hy@AnnotLevel=\count269
\HyField@AnnotCount=\count270
\Fld@listcount=\count271
\c@bookmark@seq@number=\count272
 (e:/texlive/2024/texmf-dist/tex/latex/rerunfilecheck/rerunfilecheck.sty
Package: rerunfilecheck 2022-07-10 v1.10 Rerun checks for auxiliary files (HO)
 (e:/texlive/2024/texmf-dist/tex/latex/base/atveryend-ltx.sty
Package: atveryend-ltx 2020/08/19 v1.0a Emulation of the original atveryend package
with kernel methods
) (e:/texlive/2024/texmf-dist/tex/generic/uniquecounter/uniquecounter.sty
Package: uniquecounter 2019/12/15 v1.4 Provide unlimited unique counter (HO)
)
Package uniquecounter Info: New unique counter `rerunfilecheck' on input line 285.
)
\Hy@SectionHShift=\skip50
) (e:/texlive/2024/texmf-dist/tex/latex/hyperxmp/hyperxmp.sty
Package: hyperxmp 2023/09/10 v5.12 Store hyperref metadata in XMP format
\hyxmp@aep@toks=\toks18
 (e:/texlive/2024/texmf-dist/tex/latex/ifmtarg/ifmtarg.sty
Package: ifmtarg 2018/04/16 v1.2b check for an empty argument
) (e:/texlive/2024/texmf-dist/tex/latex/base/ifthen.sty
Package: ifthen 2022/04/13 v1.1d Standard LaTeX ifthen package (DPC)
)
\@hyxmp@count=\count273
 (e:/texlive/2024/texmf-dist/tex/latex/oberdiek/ifdraft.sty
Package: ifdraft 2016/05/16 v1.4 Detect class options draft and final (HO)
) (e:/texlive/2024/texmf-dist/tex/generic/iftex/ifluatex.sty
Package: ifluatex 2019/10/25 v1.5 ifluatex legacy package. Use iftex instead.
)) (e:/texlive/2024/texmf-dist/tex/xelatex/xecjk/xeCJK.sty (e:/texlive/2024/texmf-dist/tex/latex/l3kernel/expl3.sty
Package: expl3 2024-02-20 L3 programming layer (loader) 
 (e:/texlive/2024/texmf-dist/tex/latex/l3backend/l3backend-xetex.def
File: l3backend-xetex.def 2024-02-20 L3 backend support: XeTeX
\g__graphics_track_int=\count274
\l__pdf_internal_box=\box52
\g__pdf_backend_object_int=\count275
\g__pdf_backend_annotation_int=\count276
\g__pdf_backend_link_int=\count277
))
Package: xeCJK 2022/08/05 v3.9.1 Typesetting CJK scripts with XeLaTeX
 (e:/texlive/2024/texmf-dist/tex/latex/ctex/ctexhook.sty
Package: ctexhook 2022/07/14 v2.5.10 Document and package hooks (CTEX)
) (e:/texlive/2024/texmf-dist/tex/latex/l3packages/xtemplate/xtemplate.sty (e:/texlive/2024/texmf-dist/tex/latex/l3packages/xtemplate/xtemplate-2023-10-10.sty
Package: xtemplate 2023-10-10 L3 Experimental prototype document functions
\l__xtemplate_tmp_dim=\dimen145
\l__xtemplate_tmp_int=\count278
\l__xtemplate_tmp_muskip=\muskip17
\l__xtemplate_tmp_skip=\skip51
))
\l__xeCJK_tmp_int=\count279
\l__xeCJK_tmp_box=\box53
\l__xeCJK_tmp_dim=\dimen146
\l__xeCJK_tmp_skip=\skip52
\g__xeCJK_space_factor_int=\count280
\l__xeCJK_begin_int=\count281
\l__xeCJK_end_int=\count282
\c__xeCJK_CJK_class_int=\XeTeXcharclass1
\c__xeCJK_FullLeft_class_int=\XeTeXcharclass2
\c__xeCJK_FullRight_class_int=\XeTeXcharclass3
\c__xeCJK_HalfLeft_class_int=\XeTeXcharclass4
\c__xeCJK_HalfRight_class_int=\XeTeXcharclass5
\c__xeCJK_NormalSpace_class_int=\XeTeXcharclass6
\c__xeCJK_CM_class_int=\XeTeXcharclass7
\c__xeCJK_HangulJamo_class_int=\XeTeXcharclass8
\l__xeCJK_last_skip=\skip53
\c__xeCJK_none_node=\count283
\g__xeCJK_node_int=\count284
\c__xeCJK_CJK_node_dim=\dimen147
\c__xeCJK_CJK-space_node_dim=\dimen148
\c__xeCJK_default_node_dim=\dimen149
\c__xeCJK_CJK-widow_node_dim=\dimen150
\c__xeCJK_normalspace_node_dim=\dimen151
\c__xeCJK_default-space_node_skip=\skip54
\l__xeCJK_ccglue_skip=\skip55
\l__xeCJK_ecglue_skip=\skip56
\l__xeCJK_punct_kern_skip=\skip57
\l__xeCJK_indent_box=\box54
\l__xeCJK_last_penalty_int=\count285
\l__xeCJK_last_bound_dim=\dimen152
\l__xeCJK_last_kern_dim=\dimen153
\l__xeCJK_widow_penalty_int=\count286

Package xtemplate Info: Declaring object type 'xeCJK/punctuation' taking 0
(xtemplate)             argument(s) on line 2396.

\l__xeCJK_fixed_punct_width_dim=\dimen154
\l__xeCJK_mixed_punct_width_dim=\dimen155
\l__xeCJK_middle_punct_width_dim=\dimen156
\l__xeCJK_fixed_margin_width_dim=\dimen157
\l__xeCJK_mixed_margin_width_dim=\dimen158
\l__xeCJK_middle_margin_width_dim=\dimen159
\l__xeCJK_bound_punct_width_dim=\dimen160
\l__xeCJK_bound_margin_width_dim=\dimen161
\l__xeCJK_margin_minimum_dim=\dimen162
\l__xeCJK_kerning_total_width_dim=\dimen163
\l__xeCJK_same_align_margin_dim=\dimen164
\l__xeCJK_different_align_margin_dim=\dimen165
\l__xeCJK_kerning_margin_width_dim=\dimen166
\l__xeCJK_kerning_margin_minimum_dim=\dimen167
\l__xeCJK_bound_dim=\dimen168
\l__xeCJK_reverse_bound_dim=\dimen169
\l__xeCJK_margin_dim=\dimen170
\l__xeCJK_minimum_bound_dim=\dimen171
\l__xeCJK_kerning_margin_dim=\dimen172
\g__xeCJK_family_int=\count287
\l__xeCJK_fam_int=\count288
\g__xeCJK_fam_allocation_int=\count289
\l__xeCJK_verb_case_int=\count290
\l__xeCJK_verb_exspace_skip=\skip58
 (e:/texlive/2024/texmf-dist/tex/latex/fontspec/fontspec.sty (e:/texlive/2024/texmf-dist/tex/latex/l3packages/xparse/xparse.sty
Package: xparse 2024-02-18 L3 Experimental document command parser
)
Package: fontspec 2024/02/13 v2.9a Font selection for XeLaTeX and LuaLaTeX
 (e:/texlive/2024/texmf-dist/tex/latex/fontspec/fontspec-xetex.sty
Package: fontspec-xetex 2024/02/13 v2.9a Font selection for XeLaTeX and LuaLaTeX
\l__fontspec_script_int=\count291
\l__fontspec_language_int=\count292
\l__fontspec_strnum_int=\count293
\l__fontspec_tmp_int=\count294
\l__fontspec_tmpa_int=\count295
\l__fontspec_tmpb_int=\count296
\l__fontspec_tmpc_int=\count297
\l__fontspec_em_int=\count298
\l__fontspec_emdef_int=\count299
\l__fontspec_strong_int=\count300
\l__fontspec_strongdef_int=\count301
\l__fontspec_tmpa_dim=\dimen173
\l__fontspec_tmpb_dim=\dimen174
\l__fontspec_tmpc_dim=\dimen175
 (e:/texlive/2024/texmf-dist/tex/latex/base/fontenc.sty
Package: fontenc 2021/04/29 v2.0v Standard LaTeX package
) (e:/texlive/2024/texmf-dist/tex/latex/fontspec/fontspec.cfg))) (e:/texlive/2024/texmf-dist/tex/xelatex/xecjk/xeCJK.cfg
File: xeCJK.cfg 2022/08/05 v3.9.1 Configuration file for xeCJK package
)) (e:/texlive/2024/texmf-dist/tex/latex/zhnumber/zhnumber.sty
Package: zhnumber 2022/07/14 v3.0 Typesetting numbers with Chinese glyphs
\l__zhnum_scale_int=\count302
\l__zhnum_tmp_int=\count303
 (e:/texlive/2024/texmf-dist/tex/latex/zhnumber/zhnumber-utf8.cfg
File: zhnumber-utf8.cfg 2022/07/14 v3.0 Chinese numerals with UTF8 encoding
)) (e:/texlive/2024/texmf-dist/tex/generic/zhspacing/zhspacing.sty (e:/texlive/2024/texmf-dist/tex/generic/zhspacing/zhsusefulmacros.sty)
Package: zhspacing 2016/05/14
 (e:/texlive/2024/texmf-dist/tex/generic/zhspacing/zhsmyclass.sty (e:/texlive/2024/texmf-dist/tex/generic/zhspacing/zhsusefulmacros.sty))
\@@interclasstoks@boundary@boundary=\toks19
\@@interclasstoks@halfwidth@boundary=\toks20
\@@interclasstoks@boundary@halfwidth=\toks21
\@@interclasstoks@halfwidth@halfwidth=\toks22
\@@interclasstoks@fullwidth@boundary=\toks23
\@@interclasstoks@boundary@fullwidth=\toks24
\@@interclasstoks@fullwidth@halfwidth=\toks25
\@@interclasstoks@halfwidth@fullwidth=\toks26
\@@interclasstoks@fullwidth@fullwidth=\toks27
\@@interclasstoks@alphanum@boundary=\toks28
\@@interclasstoks@boundary@alphanum=\toks29
\@@interclasstoks@alphanum@halfwidth=\toks30
\@@interclasstoks@halfwidth@alphanum=\toks31
\@@interclasstoks@alphanum@fullwidth=\toks32
\@@interclasstoks@fullwidth@alphanum=\toks33
\@@interclasstoks@alphanum@alphanum=\toks34
\@@interclasstoks@hanzi@boundary=\toks35
\@@interclasstoks@boundary@hanzi=\toks36
\@@interclasstoks@hanzi@halfwidth=\toks37
\@@interclasstoks@halfwidth@hanzi=\toks38
\@@interclasstoks@hanzi@fullwidth=\toks39
\@@interclasstoks@fullwidth@hanzi=\toks40
\@@interclasstoks@hanzi@alphanum=\toks41
\@@interclasstoks@alphanum@hanzi=\toks42
\@@interclasstoks@hanzi@hanzi=\toks43
\@@interclasstoks@openfw@boundary=\toks44
\@@interclasstoks@boundary@openfw=\toks45
\@@interclasstoks@openfw@halfwidth=\toks46
\@@interclasstoks@halfwidth@openfw=\toks47
\@@interclasstoks@openfw@fullwidth=\toks48
\@@interclasstoks@fullwidth@openfw=\toks49
\@@interclasstoks@openfw@alphanum=\toks50
\@@interclasstoks@alphanum@openfw=\toks51
\@@interclasstoks@openfw@hanzi=\toks52
\@@interclasstoks@hanzi@openfw=\toks53
\@@interclasstoks@openfw@openfw=\toks54
\@@interclasstoks@closefw@boundary=\toks55
\@@interclasstoks@boundary@closefw=\toks56
\@@interclasstoks@closefw@halfwidth=\toks57
\@@interclasstoks@halfwidth@closefw=\toks58
\@@interclasstoks@closefw@fullwidth=\toks59
\@@interclasstoks@fullwidth@closefw=\toks60
\@@interclasstoks@closefw@alphanum=\toks61
\@@interclasstoks@alphanum@closefw=\toks62
\@@interclasstoks@closefw@hanzi=\toks63
\@@interclasstoks@hanzi@closefw=\toks64
\@@interclasstoks@closefw@openfw=\toks65
\@@interclasstoks@openfw@closefw=\toks66
\@@interclasstoks@closefw@closefw=\toks67
\@@interclasstoks@halfstop@boundary=\toks68
\@@interclasstoks@boundary@halfstop=\toks69
\@@interclasstoks@halfstop@halfwidth=\toks70
\@@interclasstoks@halfwidth@halfstop=\toks71
\@@interclasstoks@halfstop@fullwidth=\toks72
\@@interclasstoks@fullwidth@halfstop=\toks73
\@@interclasstoks@halfstop@alphanum=\toks74
\@@interclasstoks@alphanum@halfstop=\toks75
\@@interclasstoks@halfstop@hanzi=\toks76
\@@interclasstoks@hanzi@halfstop=\toks77
\@@interclasstoks@halfstop@openfw=\toks78
\@@interclasstoks@openfw@halfstop=\toks79
\@@interclasstoks@halfstop@closefw=\toks80
\@@interclasstoks@closefw@halfstop=\toks81
\@@interclasstoks@halfstop@halfstop=\toks82
\@@interclasstoks@fullstop@boundary=\toks83
\@@interclasstoks@boundary@fullstop=\toks84
\@@interclasstoks@fullstop@halfwidth=\toks85
\@@interclasstoks@halfwidth@fullstop=\toks86
\@@interclasstoks@fullstop@fullwidth=\toks87
\@@interclasstoks@fullwidth@fullstop=\toks88
\@@interclasstoks@fullstop@alphanum=\toks89
\@@interclasstoks@alphanum@fullstop=\toks90
\@@interclasstoks@fullstop@hanzi=\toks91
\@@interclasstoks@hanzi@fullstop=\toks92
\@@interclasstoks@fullstop@openfw=\toks93
\@@interclasstoks@openfw@fullstop=\toks94
\@@interclasstoks@fullstop@closefw=\toks95
\@@interclasstoks@closefw@fullstop=\toks96
\@@interclasstoks@fullstop@halfstop=\toks97
\@@interclasstoks@halfstop@fullstop=\toks98
\@@interclasstoks@fullstop@fullstop=\toks99
\@@interclasstoks@fwpunct@boundary=\toks100
\@@interclasstoks@boundary@fwpunct=\toks101
\@@interclasstoks@fwpunct@halfwidth=\toks102
\@@interclasstoks@halfwidth@fwpunct=\toks103
\@@interclasstoks@fwpunct@fullwidth=\toks104
\@@interclasstoks@fullwidth@fwpunct=\toks105
\@@interclasstoks@fwpunct@alphanum=\toks106
\@@interclasstoks@alphanum@fwpunct=\toks107
\@@interclasstoks@fwpunct@hanzi=\toks108
\@@interclasstoks@hanzi@fwpunct=\toks109
\@@interclasstoks@fwpunct@openfw=\toks110
\@@interclasstoks@openfw@fwpunct=\toks111
\@@interclasstoks@fwpunct@closefw=\toks112
\@@interclasstoks@closefw@fwpunct=\toks113
\@@interclasstoks@fwpunct@halfstop=\toks114
\@@interclasstoks@halfstop@fwpunct=\toks115
\@@interclasstoks@fwpunct@fullstop=\toks116
\@@interclasstoks@fullstop@fwpunct=\toks117
\@@interclasstoks@fwpunct@fwpunct=\toks118
\@@interclasstoks@cjkexta@boundary=\toks119
\@@interclasstoks@boundary@cjkexta=\toks120
\@@interclasstoks@cjkexta@halfwidth=\toks121
\@@interclasstoks@halfwidth@cjkexta=\toks122
\@@interclasstoks@cjkexta@fullwidth=\toks123
\@@interclasstoks@fullwidth@cjkexta=\toks124
\@@interclasstoks@cjkexta@alphanum=\toks125
\@@interclasstoks@alphanum@cjkexta=\toks126
\@@interclasstoks@cjkexta@hanzi=\toks127
\@@interclasstoks@hanzi@cjkexta=\toks128
\@@interclasstoks@cjkexta@openfw=\toks129
\@@interclasstoks@openfw@cjkexta=\toks130
\@@interclasstoks@cjkexta@closefw=\toks131
\@@interclasstoks@closefw@cjkexta=\toks132
\@@interclasstoks@cjkexta@halfstop=\toks133
\@@interclasstoks@halfstop@cjkexta=\toks134
\@@interclasstoks@cjkexta@fullstop=\toks135
\@@interclasstoks@fullstop@cjkexta=\toks136
\@@interclasstoks@cjkexta@fwpunct=\toks137
\@@interclasstoks@fwpunct@cjkexta=\toks138
\@@interclasstoks@cjkexta@cjkexta=\toks139
\@@interclasstoks@cjkextb@boundary=\toks140
\@@interclasstoks@boundary@cjkextb=\toks141
\@@interclasstoks@cjkextb@halfwidth=\toks142
\@@interclasstoks@halfwidth@cjkextb=\toks143
\@@interclasstoks@cjkextb@fullwidth=\toks144
\@@interclasstoks@fullwidth@cjkextb=\toks145
\@@interclasstoks@cjkextb@alphanum=\toks146
\@@interclasstoks@alphanum@cjkextb=\toks147
\@@interclasstoks@cjkextb@hanzi=\toks148
\@@interclasstoks@hanzi@cjkextb=\toks149
\@@interclasstoks@cjkextb@openfw=\toks150
\@@interclasstoks@openfw@cjkextb=\toks151
\@@interclasstoks@cjkextb@closefw=\toks152
\@@interclasstoks@closefw@cjkextb=\toks153
\@@interclasstoks@cjkextb@halfstop=\toks154
\@@interclasstoks@halfstop@cjkextb=\toks155
\@@interclasstoks@cjkextb@fullstop=\toks156
\@@interclasstoks@fullstop@cjkextb=\toks157
\@@interclasstoks@cjkextb@fwpunct=\toks158
\@@interclasstoks@fwpunct@cjkextb=\toks159
\@@interclasstoks@cjkextb@cjkexta=\toks160
\@@interclasstoks@cjkexta@cjkextb=\toks161
\@@interclasstoks@cjkextb@cjkextb=\toks162
\@@interclasstoks@longpunct@boundary=\toks163
\@@interclasstoks@boundary@longpunct=\toks164
\@@interclasstoks@longpunct@halfwidth=\toks165
\@@interclasstoks@halfwidth@longpunct=\toks166
\@@interclasstoks@longpunct@fullwidth=\toks167
\@@interclasstoks@fullwidth@longpunct=\toks168
\@@interclasstoks@longpunct@alphanum=\toks169
\@@interclasstoks@alphanum@longpunct=\toks170
\@@interclasstoks@longpunct@hanzi=\toks171
\@@interclasstoks@hanzi@longpunct=\toks172
\@@interclasstoks@longpunct@openfw=\toks173
\@@interclasstoks@openfw@longpunct=\toks174
\@@interclasstoks@longpunct@closefw=\toks175
\@@interclasstoks@closefw@longpunct=\toks176
\@@interclasstoks@longpunct@halfstop=\toks177
\@@interclasstoks@halfstop@longpunct=\toks178
\@@interclasstoks@longpunct@fullstop=\toks179
\@@interclasstoks@fullstop@longpunct=\toks180
\@@interclasstoks@longpunct@fwpunct=\toks181
\@@interclasstoks@fwpunct@longpunct=\toks182
\@@interclasstoks@longpunct@cjkexta=\toks183
\@@interclasstoks@cjkexta@longpunct=\toks184
\@@interclasstoks@longpunct@cjkextb=\toks185
\@@interclasstoks@cjkextb@longpunct=\toks186
\@@interclasstoks@longpunct@longpunct=\toks187
\@@interclasstoks@hwpunct@boundary=\toks188
\@@interclasstoks@boundary@hwpunct=\toks189
\@@interclasstoks@hwpunct@halfwidth=\toks190
\@@interclasstoks@halfwidth@hwpunct=\toks191
\@@interclasstoks@hwpunct@fullwidth=\toks192
\@@interclasstoks@fullwidth@hwpunct=\toks193
\@@interclasstoks@hwpunct@alphanum=\toks194
\@@interclasstoks@alphanum@hwpunct=\toks195
\@@interclasstoks@hwpunct@hanzi=\toks196
\@@interclasstoks@hanzi@hwpunct=\toks197
\@@interclasstoks@hwpunct@openfw=\toks198
\@@interclasstoks@openfw@hwpunct=\toks199
\@@interclasstoks@hwpunct@closefw=\toks200
\@@interclasstoks@closefw@hwpunct=\toks201
\@@interclasstoks@hwpunct@halfstop=\toks202
\@@interclasstoks@halfstop@hwpunct=\toks203
\@@interclasstoks@hwpunct@fullstop=\toks204
\@@interclasstoks@fullstop@hwpunct=\toks205
\@@interclasstoks@hwpunct@fwpunct=\toks206
\@@interclasstoks@fwpunct@hwpunct=\toks207
\@@interclasstoks@hwpunct@cjkexta=\toks208
\@@interclasstoks@cjkexta@hwpunct=\toks209
\@@interclasstoks@hwpunct@cjkextb=\toks210
\@@interclasstoks@cjkextb@hwpunct=\toks211
\@@interclasstoks@hwpunct@longpunct=\toks212
\@@interclasstoks@longpunct@hwpunct=\toks213
\@@interclasstoks@hwpunct@hwpunct=\toks214
\zhs@tmpcnt=\count304
) (e:/texlive/2024/texmf-dist/tex/latex/enumitem/enumitem.sty
Package: enumitem 2019/06/20 v3.9 Customized lists
\labelindent=\skip59
\enit@outerparindent=\dimen176
\enit@toks=\toks215
\enit@inbox=\box55
\enit@count@id=\count305
\enitdp@description=\count306
) (e:/texlive/2024/texmf-dist/tex/latex/tools/indentfirst.sty
Package: indentfirst 2023/07/02 v1.03 Indent first paragraph (DPC)
) (e:/texlive/2024/texmf-dist/tex/latex/xcolor/xcolor.sty
Package: xcolor 2023/11/15 v3.01 LaTeX color extensions (UK)
 (e:/texlive/2024/texmf-dist/tex/latex/graphics-cfg/color.cfg
File: color.cfg 2016/01/02 v1.6 sample color configuration
)
Package xcolor Info: Driver file: xetex.def on input line 274.
 (e:/texlive/2024/texmf-dist/tex/latex/graphics-def/xetex.def
File: xetex.def 2022/09/22 v5.0n Graphics/color driver for xetex
) (e:/texlive/2024/texmf-dist/tex/latex/graphics/mathcolor.ltx)
Package xcolor Info: Model `cmy' substituted by `cmy0' on input line 1350.
Package xcolor Info: Model `RGB' extended on input line 1366.
Package xcolor Info: Model `HTML' substituted by `rgb' on input line 1368.
Package xcolor Info: Model `Hsb' substituted by `hsb' on input line 1369.
Package xcolor Info: Model `tHsb' substituted by `hsb' on input line 1370.
Package xcolor Info: Model `HSB' substituted by `hsb' on input line 1371.
Package xcolor Info: Model `Gray' substituted by `gray' on input line 1372.
Package xcolor Info: Model `wave' substituted by `hsb' on input line 1373.
)
Package hyperref Info: Option `colorlinks' set `true' on input line 69.
Package hyperref Info: Option `bookmarksopen' set `false' on input line 69.
Package hyperref Info: Option `bookmarksnumbered' set `false' on input line 69.
Package hyperref Info: Option `plainpages' set `false' on input line 69.
\@indexfile=\write3
\openout3 = `main.idx'.


Writing index file main.idx

Package xeCJK Warning: Fandol is being set as the default font for CJK text.
(xeCJK)                Please make sure it has been properly installed.

(./main.aux)
\openout1 = `main.aux'.

LaTeX Font Info:    Checking defaults for OML/cmm/m/it on input line 180.
LaTeX Font Info:    ... okay on input line 180.
LaTeX Font Info:    Checking defaults for OMS/cmsy/m/n on input line 180.
LaTeX Font Info:    ... okay on input line 180.
LaTeX Font Info:    Checking defaults for OT1/cmr/m/n on input line 180.
LaTeX Font Info:    ... okay on input line 180.
LaTeX Font Info:    Checking defaults for T1/cmr/m/n on input line 180.
LaTeX Font Info:    ... okay on input line 180.
LaTeX Font Info:    Checking defaults for TS1/cmr/m/n on input line 180.
LaTeX Font Info:    Trying to load font information for TS1+cmr on input line 180.
 (e:/texlive/2024/texmf-dist/tex/latex/base/ts1cmr.fd
File: ts1cmr.fd 2023/04/13 v2.5m Standard LaTeX font definitions
)
LaTeX Font Info:    ... okay on input line 180.
LaTeX Font Info:    Checking defaults for TU/lmr/m/n on input line 180.
LaTeX Font Info:    ... okay on input line 180.
LaTeX Font Info:    Checking defaults for OMX/cmex/m/n on input line 180.
LaTeX Font Info:    ... okay on input line 180.
LaTeX Font Info:    Checking defaults for U/cmr/m/n on input line 180.
LaTeX Font Info:    ... okay on input line 180.
LaTeX Font Info:    Checking defaults for PD1/pdf/m/n on input line 180.
LaTeX Font Info:    ... okay on input line 180.
LaTeX Font Info:    Checking defaults for PU/pdf/m/n on input line 180.
LaTeX Font Info:    ... okay on input line 180.
Package hyperref Info: Link coloring ON on input line 180.
 (./main.out) (./main.out)
\@outlinefile=\write4
\openout4 = `main.out'.

\symlegacymaths=\mathgroup4
LaTeX Font Info:    Overwriting symbol font `legacymaths' in version `bold'
(Font)                  OT1/cmr/m/n --> OT1/cmr/bx/n on input line 180.
LaTeX Font Info:    Redeclaring math accent \acute on input line 180.
LaTeX Font Info:    Redeclaring math accent \grave on input line 180.
LaTeX Font Info:    Redeclaring math accent \ddot on input line 180.
LaTeX Font Info:    Redeclaring math accent \tilde on input line 180.
LaTeX Font Info:    Redeclaring math accent \bar on input line 180.
LaTeX Font Info:    Redeclaring math accent \breve on input line 180.
LaTeX Font Info:    Redeclaring math accent \check on input line 180.
LaTeX Font Info:    Redeclaring math accent \hat on input line 180.
LaTeX Font Info:    Redeclaring math accent \dot on input line 180.
LaTeX Font Info:    Redeclaring math accent \mathring on input line 180.
LaTeX Font Info:    Redeclaring math symbol \colon on input line 180.
LaTeX Font Info:    Redeclaring math symbol \Gamma on input line 180.
LaTeX Font Info:    Redeclaring math symbol \Delta on input line 180.
LaTeX Font Info:    Redeclaring math symbol \Theta on input line 180.
LaTeX Font Info:    Redeclaring math symbol \Lambda on input line 180.
LaTeX Font Info:    Redeclaring math symbol \Xi on input line 180.
LaTeX Font Info:    Redeclaring math symbol \Pi on input line 180.
LaTeX Font Info:    Redeclaring math symbol \Sigma on input line 180.
LaTeX Font Info:    Redeclaring math symbol \Upsilon on input line 180.
LaTeX Font Info:    Redeclaring math symbol \Phi on input line 180.
LaTeX Font Info:    Redeclaring math symbol \Psi on input line 180.
LaTeX Font Info:    Redeclaring math symbol \Omega on input line 180.
LaTeX Font Info:    Redeclaring math symbol \mathdollar on input line 180.
LaTeX Font Info:    Redeclaring symbol font `operators' on input line 180.
LaTeX Font Info:    Encoding `OT1' has changed to `TU' for symbol font
(Font)              `operators' in the math version `normal' on input line 180.
LaTeX Font Info:    Overwriting symbol font `operators' in version `normal'
(Font)                  OT1/cmr/m/n --> TU/lmr/m/n on input line 180.
LaTeX Font Info:    Encoding `OT1' has changed to `TU' for symbol font
(Font)              `operators' in the math version `bold' on input line 180.
LaTeX Font Info:    Overwriting symbol font `operators' in version `bold'
(Font)                  OT1/cmr/bx/n --> TU/lmr/m/n on input line 180.
LaTeX Font Info:    Overwriting symbol font `operators' in version `normal'
(Font)                  TU/lmr/m/n --> TU/lmr/m/n on input line 180.
LaTeX Font Info:    Overwriting math alphabet `\mathit' in version `normal'
(Font)                  OT1/cmr/m/it --> TU/lmr/m/it on input line 180.
LaTeX Font Info:    Overwriting math alphabet `\mathbf' in version `normal'
(Font)                  OT1/cmr/bx/n --> TU/lmr/b/n on input line 180.
LaTeX Font Info:    Overwriting math alphabet `\mathsf' in version `normal'
(Font)                  OT1/cmss/m/n --> TU/lmss/m/n on input line 180.
LaTeX Font Info:    Overwriting math alphabet `\mathtt' in version `normal'
(Font)                  OT1/cmtt/m/n --> TU/lmtt/m/n on input line 180.
LaTeX Font Info:    Overwriting symbol font `operators' in version `bold'
(Font)                  TU/lmr/m/n --> TU/lmr/b/n on input line 180.
LaTeX Font Info:    Overwriting math alphabet `\mathit' in version `bold'
(Font)                  OT1/cmr/bx/it --> TU/lmr/b/it on input line 180.
LaTeX Font Info:    Overwriting math alphabet `\mathsf' in version `bold'
(Font)                  OT1/cmss/bx/n --> TU/lmss/b/n on input line 180.
LaTeX Font Info:    Overwriting math alphabet `\mathtt' in version `bold'
(Font)                  OT1/cmtt/m/n --> TU/lmtt/b/n on input line 180.
LaTeX Font Info:    External font `cmex10' loaded for size
(Font)              <20.74> on input line 183.
LaTeX Font Info:    External font `cmex10' loaded for size
(Font)              <14.4> on input line 183.
LaTeX Font Info:    External font `cmex10' loaded for size
(Font)              <12> on input line 183.
LaTeX Font Info:    External font `cmex10' loaded for size
(Font)              <8> on input line 183.
LaTeX Font Info:    External font `cmex10' loaded for size
(Font)              <6> on input line 183.
LaTeX Font Info:    External font `cmex10' loaded for size
(Font)              <7> on input line 186.
LaTeX Font Info:    External font `cmex10' loaded for size
(Font)              <5> on input line 186.
 (./main.toc
LaTeX Font Info:    Font shape `TU/lmtt/bx/n' in size <10.95> not available
(Font)              Font shape `TU/lmtt/b/n' tried instead on input line 5.
LaTeX Font Info:    External font `cmex10' loaded for size
(Font)              <10.95> on input line 7.
 [1

])
\tf@toc=\write5
\openout5 = `main.toc'.

 [2]
LaTeX Font Info:    Font shape `TU/lmtt/bx/n' in size <14.4> not available
(Font)              Font shape `TU/lmtt/b/n' tried instead on input line 235.
 [3] [4] [5] [6] [7] [8] [9] [10] [11]
LaTeX Font Info:    External font `cmex10' loaded for size
(Font)              <9> on input line 724.

Overfull \hbox (28.5pt too wide) in paragraph at lines 747--747
[]    \TU/lmtt/m/n/10 %  {Upper-case    \A\B\C\D\E\F\G\H\I\J\K\L\M\N\O\P\Q\R\S\T\U\V\W\X\Y\Z[] 
 []


Overfull \hbox (28.5pt too wide) in paragraph at lines 747--747
[]    \TU/lmtt/m/n/10 %   Lower-case    \a\b\c\d\e\f\g\h\i\j\k\l\m\n\o\p\q\r\s\t\u\v\w\x\y\z[] 
 []

[12]
Underfull \hbox (badness 1337) in paragraph at lines 821--826
[]\TU/FandolSong-Regular(0)/m/n/10.95 接 下 来，|  我 们 告 诉 \TU/lmss/m/n/10.95 Doc[] \TU/FandolSong-Regular(0)/m/n/10.95 解 析 \TU/lmtt/m/n/10.95 \ProvidesPackage[] \TU/FandolSong-Regular(0)/m/n/10.95 命 令  |（第 [][]\TU/lmr/m/n/10.95 8[][]
 []

[13] [14]
Underfull \hbox (badness 3148) in paragraph at lines 918--920
[]\TU/lmtt/m/n/10.95 \DescribeEnv[] \TU/FandolSong-Regular(0)/m/n/10.95 是 描 述 环 境 的 类 似 命 令。| \TU/lmtt/m/n/10.95 \DescribeMacro[] \TU/FandolSong-Regular(0)/m/n/10.95 和
 []

[15] [16] [17] [18] [19]
Underfull \hbox (badness 10000) in paragraph at lines 1197--1200
[]\TU/FandolSong-Regular(0)/m/n/10.95 在[][]\TU/lmtt/m/n/10.95 \begin{macro}[]\TU/lmr/m/n/10.95 …[][]\TU/lmtt/m/n/10.95 \end{macro}[]\TU/FandolSong-Regular(0)/m/n/10.95 或[][]\TU/lmtt/m/n/10.95 \begin{environment}[]\TU/lmr/m/n/10.95 …
 []

[20] [21]
Underfull \hbox (badness 1997) in paragraph at lines 1269--1271
[]\TU/FandolSong-Regular(0)/m/n/10.95 使 用 \TU/lmr/m/n/10.95 L[]T[]X[]\TU/FandolSong-Regular(0)/m/n/10.95 的 分 段 命 令 来 组 织 代 码 并 澄 清 其 结 构  |（例 如
 []


Overfull \hbox (13.5106pt too wide) in paragraph at lines 1288--1305
 [][] 
 []

[22]
Underfull \hbox (badness 1571) in paragraph at lines 1327--1329
[]\TU/FandolSong-Regular(0)/m/n/10.95 如 果 你 使 用 \TU/lmr/m/n/10.95 Emacs[] \TU/FandolSong-Regular(0)/m/n/10.95 作 为 文 本 编 辑 器，|  请 尝 试 \TU/lmtt/m/n/10.95 swiftex.el[]
 []


Underfull \hbox (badness 2096) in paragraph at lines 1330--1332
[]\TU/FandolSong-Regular(0)/m/n/10.95 作 为 更 原 始 的 替 代 方 法，|  查 阅 \TU/lmr/m/n/10.95 Emacs[]\TU/FandolSong-Regular(0)/m/n/10.95 的 [][]\TU/lmtt/m/n/10.95 string-rectangle []\TU/FandolSong-Regular(0)/m/n/10.95 和
 []

[23] [24] [25] [26]
LaTeX Font Info:    Font shape `TU/lmtt/bx/n' in size <12> not available
(Font)              Font shape `TU/lmtt/b/n' tried instead on input line 1493.
 [27] [28] [29] [30] [31]
Overfull \hbox (7.5pt too wide) in paragraph at lines 1722--1722
[]\TU/lmtt/m/n/10 %  {Upper-case    \A\B\C\D\E\F\G\H\I\J\K\L\M\N\O\P\Q\R\S\T\U\V\W\X\Y\Z[] 
 []


Overfull \hbox (7.5pt too wide) in paragraph at lines 1722--1722
[]\TU/lmtt/m/n/10 %   Lower-case    \a\b\c\d\e\f\g\h\i\j\k\l\m\n\o\p\q\r\s\t\u\v\w\x\y\z[] 
 []

[32] [33] [34]
Overfull \hbox (7.5pt too wide) in paragraph at lines 1835--1835
[]\TU/lmtt/m/n/10 %  {Upper-case    \A\B\C\D\E\F\G\H\I\J\K\L\M\N\O\P\Q\R\S\T\U\V\W\X\Y\Z[] 
 []


Overfull \hbox (7.5pt too wide) in paragraph at lines 1835--1835
[]\TU/lmtt/m/n/10 %   Lower-case    \a\b\c\d\e\f\g\h\i\j\k\l\m\n\o\p\q\r\s\t\u\v\w\x\y\z[] 
 []

[35] [36] [37]
No file main.ind.
(e:/texlive/2024/texmf-dist/tex/generic/stringenc/se-pdfdoc.def
File: se-pdfdoc.def 2019/11/29 v1.12 stringenc: PDFDocEncoding
) (e:/texlive/2024/texmf-dist/tex/generic/stringenc/se-utf32be.def
File: se-utf32be.def 2019/11/29 v1.12 stringenc: UTF-32BE
) [38] (./main.aux)
 ***********
LaTeX2e <2023-11-01> patch level 1
L3 programming layer <2022/07/14>
 ***********
Package rerunfilecheck Info: File `main.out' has not changed.
(rerunfilecheck)             Checksum: E2BDB09C84A4A6102AF58953C7A1E64C;2387.
 ) 
Here is how much of TeX's memory you used:
 15774 strings out of 476720
 366025 string characters out of 5801445
 1945842 words of memory out of 5000000
 37544 multiletter control sequences out of 15000+600000
 565842 words of font info for 118 fonts, out of 8000000 for 9000
 36 hyphenation exceptions out of 8191
 74i,13n,83p,865b,32885s stack positions out of 10000i,1000n,20000p,200000b,200000s

Output written on main.pdf (38 pages).
